<?xml version="1.0" encoding="UTF-8"?>
<testng-results skipped="0" failed="0" total="1" passed="1">
  <reporter-output>
  </reporter-output>
  <suite name="Default suite" duration-ms="33287" started-at="2016-07-22T13:38:00Z" finished-at="2016-07-22T13:38:33Z">
    <groups>
    </groups>
    <test name="Default test" duration-ms="33287" started-at="2016-07-22T13:38:00Z" finished-at="2016-07-22T13:38:33Z">
      <class name="Sandipan.MakeMytrip">
        <test-method status="PASS" signature="serachFlight()[pri:0, instance:Sandipan.MakeMytrip@9c6c30]" name="serachFlight" duration-ms="33285" started-at="2016-07-22T19:08:00Z" finished-at="2016-07-22T19:08:33Z">
          <reporter-output>
          </reporter-output>
        </test-method> <!-- serachFlight -->
      </class> <!-- Sandipan.MakeMytrip -->
    </test> <!-- Default test -->
  </suite> <!-- Default suite -->
</testng-results>
